<?xml version="1.0" encoding="UTF-8"?>
<!-- Generated by org.testng.reporters.JUnitXMLReporter -->
<testsuite ignored="1" hostname="DESKTOP-HO3NPSQ" failures="0" tests="2" name="Test" time="0.017" errors="0" timestamp="2021-04-08T11:12:50 IST">
  <testcase classname="seleniumtestng.EmployeeTest" name="employeeLogout" time="0.002"/>
  <testcase classname="seleniumtestng.EmployeeTest" name="employeeSignup" time="0.001"/>
  <testcase classname="seleniumtestng.EmployeeTest" name="testemployeeLogin" time="0.0">
    <ignored/>
  </testcase> <!-- testemployeeLogin -->
</testsuite> <!-- Test -->
