<?xml version="1.0" encoding="UTF-8"?>
<!-- Generated by org.testng.reporters.JUnitXMLReporter -->
<testsuite ignored="0" hostname="DESKTOP-HO3NPSQ" failures="0" tests="6" name="Test" time="0.135" errors="0" timestamp="2021-04-08T11:12:50 IST">
  <testcase classname="seleniumtestng.TestNgParallel" name="testA" time="0.001"/>
  <testcase classname="seleniumtestng.TestNgParallel" name="testB" time="0.004"/>
  <testcase classname="seleniumtestng.TestNgParallel" name="testC" time="0.002"/>
  <testcase classname="seleniumtestng.TestNgParallel" name="testD" time="0.003"/>
  <testcase classname="seleniumtestng.TestNGAnnotations" name="firstTest" time="0.003"/>
  <testcase classname="seleniumtestng.TestNGAnnotations" name="secondTest" time="0.002"/>
</testsuite> <!-- Test -->
