<?xml version="1.0" encoding="UTF-8"?>
<!-- Generated by org.testng.reporters.JUnitXMLReporter -->
<testsuite ignored="7" hostname="DESKTOP-HO3NPSQ" failures="0" tests="1" name="Test" time="0.021" errors="0" timestamp="2021-04-08T11:12:50 IST">
  <testcase classname="seleniumtestng.TestNGAnnot" name="testLoginPriority0" time="0.007"/>
  <testcase classname="seleniumtestng.TestNGAnnot" name="testHomePage" time="0.0">
    <ignored/>
  </testcase> <!-- testHomePage -->
  <testcase classname="seleniumtestng.TestNGAnnot" name="testLoginPass" time="0.0">
    <ignored/>
  </testcase> <!-- testLoginPass -->
  <testcase classname="seleniumtestng.TestNGAnnot" name="testLoginPriority2" time="0.0">
    <ignored/>
  </testcase> <!-- testLoginPriority2 -->
  <testcase classname="seleniumtestng.TestNGAnnot" name="testLoginPriority1" time="0.0">
    <ignored/>
  </testcase> <!-- testLoginPriority1 -->
  <testcase classname="seleniumtestng.TestNGAnnot" name="testSuccessLogin" time="0.0">
    <ignored/>
  </testcase> <!-- testSuccessLogin -->
  <testcase classname="seleniumtestng.TestNGAnnot" name="testLoginRefersh" time="0.0">
    <ignored/>
  </testcase> <!-- testLoginRefersh -->
  <testcase classname="seleniumtestng.TestNGAnnot" name="testLoginFail" time="0.0">
    <ignored/>
  </testcase> <!-- testLoginFail -->
</testsuite> <!-- Test -->
