<?xml version="1.0" encoding="UTF-8"?>
<testng-results ignored="0" total="4" passed="4" failed="0" skipped="0">
  <reporter-output>
  </reporter-output>
  <suite started-at="2021-04-08T11:36:21 IST" name="Suite" finished-at="2021-04-08T11:37:03 IST" duration-ms="42320">
    <groups>
    </groups>
    <test started-at="2021-04-08T11:36:21 IST" name="Firefox Browser" finished-at="2021-04-08T11:36:46 IST" duration-ms="25790">
      <class name="seleniumtestng.selenium.LoginTest">
        <test-method is-config="true" signature="initDriver(java.lang.String)[pri:0, instance:seleniumtestng.selenium.LoginTest@6236eb5f]" started-at="2021-04-08T11:36:21 IST" name="initDriver" finished-at="2021-04-08T11:36:32 IST" duration-ms="10737" status="PASS">
          <params>
            <param index="0">
              <value>
                <![CDATA[firefox]]>
              </value>
            </param>
          </params>
          <reporter-output>
          </reporter-output>
        </test-method> <!-- initDriver -->
        <test-method signature="testLogin()[pri:0, instance:seleniumtestng.selenium.LoginTest@6236eb5f]" started-at="2021-04-08T11:36:32 IST" name="testLogin" finished-at="2021-04-08T11:36:32 IST" duration-ms="165" status="PASS">
          <reporter-output>
          </reporter-output>
        </test-method> <!-- testLogin -->
        <test-method is-config="true" signature="quitDriver()[pri:0, instance:seleniumtestng.selenium.LoginTest@6236eb5f]" started-at="2021-04-08T11:36:32 IST" name="quitDriver" finished-at="2021-04-08T11:36:35 IST" duration-ms="3211" status="PASS">
          <reporter-output>
          </reporter-output>
        </test-method> <!-- quitDriver -->
        <test-method is-config="true" signature="initDriver(java.lang.String)[pri:0, instance:seleniumtestng.selenium.LoginTest@6236eb5f]" started-at="2021-04-08T11:36:35 IST" name="initDriver" finished-at="2021-04-08T11:36:44 IST" duration-ms="8697" status="PASS">
          <params>
            <param index="0">
              <value>
                <![CDATA[firefox]]>
              </value>
            </param>
          </params>
          <reporter-output>
          </reporter-output>
        </test-method> <!-- initDriver -->
        <test-method signature="testLogut()[pri:0, instance:seleniumtestng.selenium.LoginTest@6236eb5f]" started-at="2021-04-08T11:36:44 IST" name="testLogut" finished-at="2021-04-08T11:36:44 IST" duration-ms="169" status="PASS">
          <reporter-output>
          </reporter-output>
        </test-method> <!-- testLogut -->
        <test-method is-config="true" signature="quitDriver()[pri:0, instance:seleniumtestng.selenium.LoginTest@6236eb5f]" started-at="2021-04-08T11:36:44 IST" name="quitDriver" finished-at="2021-04-08T11:36:46 IST" duration-ms="2725" status="PASS">
          <reporter-output>
          </reporter-output>
        </test-method> <!-- quitDriver -->
      </class> <!-- seleniumtestng.selenium.LoginTest -->
    </test> <!-- Firefox Browser -->
    <test started-at="2021-04-08T11:36:47 IST" name="Edge Browser" finished-at="2021-04-08T11:37:03 IST" duration-ms="16445">
      <class name="seleniumtestng.selenium.LoginTest">
        <test-method is-config="true" signature="initDriver(java.lang.String)[pri:0, instance:seleniumtestng.selenium.LoginTest@c03cf28]" started-at="2021-04-08T11:36:47 IST" name="initDriver" finished-at="2021-04-08T11:36:53 IST" duration-ms="6199" status="PASS">
          <params>
            <param index="0">
              <value>
                <![CDATA[edge]]>
              </value>
            </param>
          </params>
          <reporter-output>
          </reporter-output>
        </test-method> <!-- initDriver -->
        <test-method signature="testLogin()[pri:0, instance:seleniumtestng.selenium.LoginTest@c03cf28]" started-at="2021-04-08T11:36:53 IST" name="testLogin" finished-at="2021-04-08T11:36:53 IST" duration-ms="166" status="PASS">
          <reporter-output>
          </reporter-output>
        </test-method> <!-- testLogin -->
        <test-method is-config="true" signature="quitDriver()[pri:0, instance:seleniumtestng.selenium.LoginTest@c03cf28]" started-at="2021-04-08T11:36:53 IST" name="quitDriver" finished-at="2021-04-08T11:36:54 IST" duration-ms="1022" status="PASS">
          <reporter-output>
          </reporter-output>
        </test-method> <!-- quitDriver -->
        <test-method is-config="true" signature="initDriver(java.lang.String)[pri:0, instance:seleniumtestng.selenium.LoginTest@c03cf28]" started-at="2021-04-08T11:36:54 IST" name="initDriver" finished-at="2021-04-08T11:37:01 IST" duration-ms="7172" status="PASS">
          <params>
            <param index="0">
              <value>
                <![CDATA[edge]]>
              </value>
            </param>
          </params>
          <reporter-output>
          </reporter-output>
        </test-method> <!-- initDriver -->
        <test-method signature="testLogut()[pri:0, instance:seleniumtestng.selenium.LoginTest@c03cf28]" started-at="2021-04-08T11:37:01 IST" name="testLogut" finished-at="2021-04-08T11:37:01 IST" duration-ms="329" status="PASS">
          <reporter-output>
          </reporter-output>
        </test-method> <!-- testLogut -->
        <test-method is-config="true" signature="quitDriver()[pri:0, instance:seleniumtestng.selenium.LoginTest@c03cf28]" started-at="2021-04-08T11:37:01 IST" name="quitDriver" finished-at="2021-04-08T11:37:03 IST" duration-ms="1550" status="PASS">
          <reporter-output>
          </reporter-output>
        </test-method> <!-- quitDriver -->
      </class> <!-- seleniumtestng.selenium.LoginTest -->
    </test> <!-- Edge Browser -->
  </suite> <!-- Suite -->
</testng-results>
